2024-04-17T18:58:56+00:00 DEBUG POST: https://ads.tiktok.com/marketing_api/api/developer/app/create_auto_approve/

{"business_platform":"PROD","smb_id":"tt4b_woocommerce_66201bf01bbefhttpprojectwordpresswp-admin","smb_name":"PROD","redirect_url":"http:\/\/project\/wordpress\/wp-admin\/"}
 ajax: no
2024-04-17T18:58:56+00:00 DEBUG Tt4b_Mapi_Class::create_open_source_app: Response: 

HTTP/1.1 200 OK
Content-Type: application/json
Content-Length: 38
X-Tt-Logid: 20240417185908B9C0DE8A17A40612E5E1,20240417185908B9C0DE8A17A40612E5E1
Strict-Transport-Security: max-age=31536000; includeSubDomains
x-tt-trace-host: 01754199c0ee2adbb4ce83196847f35b8d782b7920ab4d05872bdfb4aa6113ed30fdb208bf8d49b4ed37e3af96e6346eb6f24a355f2ef41a7559a814553bdc628e588ccba4f0d0858b188b0fafbdeeb8c4592381b75a5df662e3c4076bc629a7a89324ad74cb3e0ab181bc01346c7c70ea
x-tt-trace-id: 00-240417185908B9C0DE8A17A40612E5E1-6D8817BB01CCC5B5-00
Server: TLB
X-Origin-Response-Time: 52,23.44.214.13
X-Akamai-Request-ID: 441ad484.ba451c0
Date: Wed, 17 Apr 2024 18:59:09 GMT
X-Cache: TCP_MISS from a88-221-128-52.deploy.akamaitechnologies.com (AkamaiGHost/11.4.5-55391218) (-)
Connection: close
X-Cache-Remote: TCP_MISS from a23-44-214-13.deploy.akamaitechnologies.com (AkamaiGHost/11.4.5-55391218) (-)
x-tt-trace-tag: id=16;cdn-cache=miss;type=dyn
Server-Timing: cdn-cache; desc=MISS, edge; dur=188, origin; dur=52
Server-Timing: inner; dur=48
X-Parent-Response-Time: 235,88.221.128.52

{"code":40000,"msg":"Parameter error"}

